<?xml version="1.0" encoding="UTF-8"?>
<!-- Generated by org.testng.reporters.JUnitXMLReporter -->
<testsuite ignored="1" hostname="DESKTOP-G4NMNTC" failures="1" tests="2" name="Test" time="18.973" errors="0" timestamp="2025-12-27T13:35:04 GMT-05:00">
  <testcase classname="testCases.TC1_AccountRegistrationTest" name="verify_account_registration" time="2.248"/>
  <testcase classname="testCases.TC2_LoginTest" name="verify_login" time="11.272">
    <failure type="java.lang.AssertionError" message="Login failed... expected [true] but found [false]">
      <![CDATA[java.lang.AssertionError: Login failed... expected [true] but found [false]
at testCases.TC2_LoginTest.verify_login(TC2_LoginTest.java:34)
at java.base/java.util.ArrayList.forEach(ArrayList.java:1596)
... Removed 31 stack frames]]>
    </failure>
  </testcase> <!-- verify_login -->
  <testcase classname="testCases.TC3_LoginDDTest" name="verify_login" time="0.0">
    <ignored/>
  </testcase> <!-- verify_login -->
</testsuite> <!-- Test -->
