<?xml version="1.0" encoding="UTF-8"?>
<testng-results ignored="0" total="2" passed="2" failed="0" skipped="0">
  <reporter-output>
  </reporter-output>
  <suite started-at="2025-12-28T16:41:05 GMT-05:00" name="Master Suite" finished-at="2025-12-28T16:41:23 GMT-05:00" duration-ms="18087">
    <groups>
      <group name="Master">
        <method signature="TC1_AccountRegistrationTest.verify_account_registration()[pri:0, instance:testCases.TC1_AccountRegistrationTest@4f9a2c08]" name="verify_account_registration" class="testCases.TC1_AccountRegistrationTest"/>
        <method signature="TC2_LoginTest.verify_login()[pri:0, instance:testCases.TC2_LoginTest@2e1ef60]" name="verify_login" class="testCases.TC2_LoginTest"/>
      </group> <!-- Master -->
      <group name="Sanity">
        <method signature="TC2_LoginTest.verify_login()[pri:0, instance:testCases.TC2_LoginTest@2e1ef60]" name="verify_login" class="testCases.TC2_LoginTest"/>
      </group> <!-- Sanity -->
      <group name="Regression">
        <method signature="TC1_AccountRegistrationTest.verify_account_registration()[pri:0, instance:testCases.TC1_AccountRegistrationTest@4f9a2c08]" name="verify_account_registration" class="testCases.TC1_AccountRegistrationTest"/>
      </group> <!-- Regression -->
    </groups>
    <test started-at="2025-12-28T16:41:05 GMT-05:00" name="Test" finished-at="2025-12-28T16:41:23 GMT-05:00" duration-ms="18087">
      <class name="testCases.TC1_AccountRegistrationTest">
        <test-method is-config="true" signature="setup(java.lang.String,java.lang.String)[pri:0, instance:testCases.TC1_AccountRegistrationTest@4f9a2c08]" started-at="2025-12-28T16:41:05 GMT-05:00" name="setup" finished-at="2025-12-28T16:41:12 GMT-05:00" duration-ms="7223" status="PASS">
          <params>
            <param index="0">
              <value>
                <![CDATA[linux]]>
              </value>
            </param>
            <param index="1">
              <value>
                <![CDATA[firefox]]>
              </value>
            </param>
          </params>
          <reporter-output>
          </reporter-output>
        </test-method> <!-- setup -->
        <test-method signature="verify_account_registration()[pri:0, instance:testCases.TC1_AccountRegistrationTest@4f9a2c08]" started-at="2025-12-28T16:41:12 GMT-05:00" name="verify_account_registration" finished-at="2025-12-28T16:41:15 GMT-05:00" duration-ms="2480" status="PASS">
          <reporter-output>
          </reporter-output>
        </test-method> <!-- verify_account_registration -->
        <test-method is-config="true" signature="tearDown()[pri:0, instance:testCases.TC1_AccountRegistrationTest@4f9a2c08]" started-at="2025-12-28T16:41:15 GMT-05:00" name="tearDown" finished-at="2025-12-28T16:41:16 GMT-05:00" duration-ms="999" status="PASS">
          <reporter-output>
          </reporter-output>
        </test-method> <!-- tearDown -->
      </class> <!-- testCases.TC1_AccountRegistrationTest -->
      <class name="testCases.TC2_LoginTest">
        <test-method is-config="true" signature="setup(java.lang.String,java.lang.String)[pri:0, instance:testCases.TC2_LoginTest@2e1ef60]" started-at="2025-12-28T16:41:16 GMT-05:00" name="setup" finished-at="2025-12-28T16:41:21 GMT-05:00" duration-ms="4571" status="PASS">
          <params>
            <param index="0">
              <value>
                <![CDATA[linux]]>
              </value>
            </param>
            <param index="1">
              <value>
                <![CDATA[firefox]]>
              </value>
            </param>
          </params>
          <reporter-output>
          </reporter-output>
        </test-method> <!-- setup -->
        <test-method signature="verify_login()[pri:0, instance:testCases.TC2_LoginTest@2e1ef60]" started-at="2025-12-28T16:41:21 GMT-05:00" name="verify_login" finished-at="2025-12-28T16:41:22 GMT-05:00" duration-ms="1495" status="PASS">
          <reporter-output>
          </reporter-output>
        </test-method> <!-- verify_login -->
        <test-method is-config="true" signature="tearDown()[pri:0, instance:testCases.TC2_LoginTest@2e1ef60]" started-at="2025-12-28T16:41:22 GMT-05:00" name="tearDown" finished-at="2025-12-28T16:41:23 GMT-05:00" duration-ms="947" status="PASS">
          <reporter-output>
          </reporter-output>
        </test-method> <!-- tearDown -->
      </class> <!-- testCases.TC2_LoginTest -->
    </test> <!-- Test -->
  </suite> <!-- Master Suite -->
</testng-results>
