<?xml version="1.0" encoding="UTF-8"?>
<testng-results ignored="0" total="2" passed="2" failed="0" skipped="0">
  <reporter-output>
  </reporter-output>
  <suite started-at="2025-12-31T12:25:51 GMT-05:00" name="Master Suite" finished-at="2025-12-31T12:26:06 GMT-05:00" duration-ms="14555">
    <groups>
      <group name="Master">
        <method signature="TC1_AccountRegistrationTest.verify_account_registration()[pri:0, instance:testCases.TC1_AccountRegistrationTest@5443d039]" name="verify_account_registration" class="testCases.TC1_AccountRegistrationTest"/>
        <method signature="TC2_LoginTest.verify_login()[pri:0, instance:testCases.TC2_LoginTest@386f0da3]" name="verify_login" class="testCases.TC2_LoginTest"/>
      </group> <!-- Master -->
      <group name="Sanity">
        <method signature="TC2_LoginTest.verify_login()[pri:0, instance:testCases.TC2_LoginTest@386f0da3]" name="verify_login" class="testCases.TC2_LoginTest"/>
      </group> <!-- Sanity -->
      <group name="Regression">
        <method signature="TC1_AccountRegistrationTest.verify_account_registration()[pri:0, instance:testCases.TC1_AccountRegistrationTest@5443d039]" name="verify_account_registration" class="testCases.TC1_AccountRegistrationTest"/>
      </group> <!-- Regression -->
    </groups>
    <test started-at="2025-12-31T12:25:51 GMT-05:00" name="Test" finished-at="2025-12-31T12:26:06 GMT-05:00" duration-ms="14555">
      <class name="testCases.TC1_AccountRegistrationTest">
        <test-method is-config="true" signature="setup(java.lang.String,java.lang.String)[pri:0, instance:testCases.TC1_AccountRegistrationTest@5443d039]" started-at="2025-12-31T12:25:51 GMT-05:00" name="setup" finished-at="2025-12-31T12:25:59 GMT-05:00" duration-ms="7246" status="PASS">
          <params>
            <param index="0">
              <value>
                <![CDATA[linux]]>
              </value>
            </param>
            <param index="1">
              <value>
                <![CDATA[chrome]]>
              </value>
            </param>
          </params>
          <reporter-output>
          </reporter-output>
        </test-method> <!-- setup -->
        <test-method signature="verify_account_registration()[pri:0, instance:testCases.TC1_AccountRegistrationTest@5443d039]" started-at="2025-12-31T12:25:59 GMT-05:00" name="verify_account_registration" finished-at="2025-12-31T12:26:02 GMT-05:00" duration-ms="3341" status="PASS">
          <reporter-output>
          </reporter-output>
        </test-method> <!-- verify_account_registration -->
        <test-method is-config="true" signature="tearDown()[pri:0, instance:testCases.TC1_AccountRegistrationTest@5443d039]" started-at="2025-12-31T12:26:02 GMT-05:00" name="tearDown" finished-at="2025-12-31T12:26:02 GMT-05:00" duration-ms="122" status="PASS">
          <reporter-output>
          </reporter-output>
        </test-method> <!-- tearDown -->
      </class> <!-- testCases.TC1_AccountRegistrationTest -->
      <class name="testCases.TC2_LoginTest">
        <test-method is-config="true" signature="setup(java.lang.String,java.lang.String)[pri:0, instance:testCases.TC2_LoginTest@386f0da3]" started-at="2025-12-31T12:26:02 GMT-05:00" name="setup" finished-at="2025-12-31T12:26:04 GMT-05:00" duration-ms="1658" status="PASS">
          <params>
            <param index="0">
              <value>
                <![CDATA[linux]]>
              </value>
            </param>
            <param index="1">
              <value>
                <![CDATA[chrome]]>
              </value>
            </param>
          </params>
          <reporter-output>
          </reporter-output>
        </test-method> <!-- setup -->
        <test-method signature="verify_login()[pri:0, instance:testCases.TC2_LoginTest@386f0da3]" started-at="2025-12-31T12:26:04 GMT-05:00" name="verify_login" finished-at="2025-12-31T12:26:05 GMT-05:00" duration-ms="1779" status="PASS">
          <reporter-output>
          </reporter-output>
        </test-method> <!-- verify_login -->
        <test-method is-config="true" signature="tearDown()[pri:0, instance:testCases.TC2_LoginTest@386f0da3]" started-at="2025-12-31T12:26:05 GMT-05:00" name="tearDown" finished-at="2025-12-31T12:26:06 GMT-05:00" duration-ms="92" status="PASS">
          <reporter-output>
          </reporter-output>
        </test-method> <!-- tearDown -->
      </class> <!-- testCases.TC2_LoginTest -->
    </test> <!-- Test -->
  </suite> <!-- Master Suite -->
</testng-results>
