<?xml version="1.0" encoding="UTF-8"?>
<!-- Generated by org.testng.reporters.JUnitReportReporter -->
<testsuite hostname="DESKTOP-G4NMNTC" failures="0" tests="9" name="testCases.TC3_LoginDDTest" time="52.161" errors="0" timestamp="2025-12-27T16:47:43 GMT-05:00" skipped="0">
  <testcase classname="testCases.TC3_LoginDDTest" name="verify_login" time="10.543"/>
  <testcase classname="testCases.TC3_LoginDDTest" name="verify_login" time="1.813"/>
  <testcase classname="testCases.TC3_LoginDDTest" name="verify_login" time="2.247"/>
  <testcase classname="testCases.TC3_LoginDDTest" name="verify_login" time="1.812"/>
  <testcase classname="testCases.TC3_LoginDDTest" name="verify_login" time="11.235"/>
  <testcase classname="testCases.TC3_LoginDDTest" name="verify_login" time="1.645"/>
  <testcase classname="testCases.TC3_LoginDDTest" name="verify_login" time="10.559"/>
  <testcase classname="testCases.TC3_LoginDDTest" name="verify_login" time="1.740"/>
  <testcase classname="testCases.TC3_LoginDDTest" name="verify_login" time="10.567"/>
</testsuite> <!-- testCases.TC3_LoginDDTest -->
