<?xml version="1.0" encoding="UTF-8"?>
<!-- Generated by org.testng.reporters.JUnitReportReporter -->
<testsuite hostname="DESKTOP-G4NMNTC" failures="0" tests="2" name="testCases.TC1_AccountRegistrationTest" time="6.397" errors="0" timestamp="2025-12-29T16:27:25 GMT-05:00" skipped="0">
  <testcase classname="testCases.TC1_AccountRegistrationTest" name="verify_account_registration" time="3.547"/>
  <testcase classname="testCases.TC1_AccountRegistrationTest" name="verify_account_registration" time="2.850"/>
</testsuite> <!-- testCases.TC1_AccountRegistrationTest -->
